<?xml version="1.0" encoding="UTF-8"?>
<testsuite name="problem1Test" tests="1" skipped="0" failures="0" errors="0" timestamp="2022-12-15T11:03:20" hostname="DESKTOP-SDT18U3" time="0.024">
  <properties/>
  <testcase name="run()" classname="problem1Test" time="0.024"/>
  <system-out><![CDATA[]]></system-out>
  <system-err><![CDATA[]]></system-err>
</testsuite>
